2021-11-14 23:37:03.834  INFO nspanos - [           main] [c.SpringBootTestContextBootstrapper] : Neither @ContextConfiguration nor @ContextHierarchy found for test class [gr.codehub.toDoAppWithLogin.service.ItemServiceTest], using SpringBootContextLoader
2021-11-14 23:37:03.848  INFO nspanos - [           main] [o.s.t.c.s.AbstractContextLoader    ] : Could not detect default resource locations for test class [gr.codehub.toDoAppWithLogin.service.ItemServiceTest]: no resource found for suffixes {-context.xml, Context.groovy}.
2021-11-14 23:37:03.849  INFO nspanos - [           main] [.AnnotationConfigContextLoaderUtils] : Could not detect default configuration classes for test class [gr.codehub.toDoAppWithLogin.service.ItemServiceTest]: ItemServiceTest does not declare any static, non-private, non-final, nested classes annotated with @Configuration.
2021-11-14 23:37:04.004  INFO nspanos - [           main] [c.SpringBootTestContextBootstrapper] : Found @SpringBootConfiguration gr.codehub.toDoAppWithLogin.ToDoAppWithLoginApplication for test class gr.codehub.toDoAppWithLogin.service.ItemServiceTest
2021-11-14 23:37:04.168  INFO nspanos - [           main] [c.SpringBootTestContextBootstrapper] : Loaded default TestExecutionListener class names from location [META-INF/spring.factories]: [org.springframework.boot.test.mock.mockito.MockitoTestExecutionListener, org.springframework.boot.test.mock.mockito.ResetMocksTestExecutionListener, org.springframework.boot.test.autoconfigure.restdocs.RestDocsTestExecutionListener, org.springframework.boot.test.autoconfigure.web.client.MockRestServiceServerResetTestExecutionListener, org.springframework.boot.test.autoconfigure.web.servlet.MockMvcPrintOnlyOnFailureTestExecutionListener, org.springframework.boot.test.autoconfigure.web.servlet.WebDriverTestExecutionListener, org.springframework.boot.test.autoconfigure.webservices.client.MockWebServiceServerTestExecutionListener, org.springframework.test.context.web.ServletTestExecutionListener, org.springframework.test.context.support.DirtiesContextBeforeModesTestExecutionListener, org.springframework.test.context.support.DependencyInjectionTestExecutionListener, org.springframework.test.context.support.DirtiesContextTestExecutionListener, org.springframework.test.context.transaction.TransactionalTestExecutionListener, org.springframework.test.context.jdbc.SqlScriptsTestExecutionListener, org.springframework.test.context.event.EventPublishingTestExecutionListener]
2021-11-14 23:37:04.194  INFO nspanos - [           main] [c.SpringBootTestContextBootstrapper] : Using TestExecutionListeners: [org.springframework.test.context.web.ServletTestExecutionListener@7ee55e70, org.springframework.test.context.support.DirtiesContextBeforeModesTestExecutionListener@3fcdcf, org.springframework.boot.test.mock.mockito.MockitoTestExecutionListener@7668d560, org.springframework.boot.test.autoconfigure.SpringBootDependencyInjectionTestExecutionListener@46292372, org.springframework.test.context.support.DirtiesContextTestExecutionListener@126be319, org.springframework.test.context.transaction.TransactionalTestExecutionListener@6c44052e, org.springframework.test.context.jdbc.SqlScriptsTestExecutionListener@5c371e13, org.springframework.test.context.event.EventPublishingTestExecutionListener@530a8454, org.springframework.boot.test.mock.mockito.ResetMocksTestExecutionListener@1e34c607, org.springframework.boot.test.autoconfigure.restdocs.RestDocsTestExecutionListener@5215cd9a, org.springframework.boot.test.autoconfigure.web.client.MockRestServiceServerResetTestExecutionListener@36b6964d, org.springframework.boot.test.autoconfigure.web.servlet.MockMvcPrintOnlyOnFailureTestExecutionListener@31198ceb, org.springframework.boot.test.autoconfigure.web.servlet.WebDriverTestExecutionListener@9257031, org.springframework.boot.test.autoconfigure.webservices.client.MockWebServiceServerTestExecutionListener@75201592]
2021-11-14 23:37:04.631  INFO nspanos - [           main] [g.c.t.s.ItemServiceTest            ] : Starting ItemServiceTest on nspanos with PID 3651554 (started by nspanos in /home/nspanos/Documents/DevOps_AWS/java_application)
2021-11-14 23:37:04.637  INFO nspanos - [           main] [g.c.t.s.ItemServiceTest            ] : No active profile set, falling back to default profiles: default
2021-11-14 23:37:04.670 DEBUG nspanos - [           main] [.w.c.s.GenericWebApplicationContext] : Refreshing org.springframework.web.context.support.GenericWebApplicationContext@5b3f3ba0
2021-11-14 23:37:05.819  INFO nspanos - [           main] [r.c.RepositoryConfigurationDelegate] : Bootstrapping Spring Data JPA repositories in DEFERRED mode.
2021-11-14 23:37:05.934  INFO nspanos - [           main] [r.c.RepositoryConfigurationDelegate] : Finished Spring Data repository scanning in 102ms. Found 3 JPA repository interfaces.
2021-11-14 23:37:06.704  INFO nspanos - [           main] [o.s.s.c.ThreadPoolTaskExecutor     ] : Initializing ExecutorService 'applicationTaskExecutor'
2021-11-14 23:37:06.727  INFO nspanos - [           main] [c.z.h.HikariDataSource             ] : HikariPool-1 - Starting...
2021-11-14 23:37:07.029  INFO nspanos - [           main] [c.z.h.HikariDataSource             ] : HikariPool-1 - Start completed.
2021-11-14 23:37:07.122  INFO nspanos - [         task-1] [o.h.j.i.u.LogHelper                ] : HHH000204: Processing PersistenceUnitInfo [name: default]
2021-11-14 23:37:07.219  INFO nspanos - [         task-1] [o.h.Version                        ] : HHH000412: Hibernate ORM core version 5.4.22.Final
2021-11-14 23:37:07.225  WARN nspanos - [           main] [seConfiguration$JpaWebConfiguration] : spring.jpa.open-in-view is enabled by default. Therefore, database queries may be performed during view rendering. Explicitly configure spring.jpa.open-in-view to disable this warning
2021-11-14 23:37:07.476  INFO nspanos - [         task-1] [o.h.a.c.Version                    ] : HCANN000001: Hibernate Commons Annotations {5.1.0.Final}
2021-11-14 23:37:07.713  INFO nspanos - [         task-1] [o.h.d.Dialect                      ] : HHH000400: Using dialect: org.hibernate.dialect.H2Dialect
2021-11-14 23:37:08.012  INFO nspanos - [           main] [o.s.s.w.DefaultSecurityFilterChain ] : Creating filter chain: any request, [org.springframework.security.web.context.request.async.WebAsyncManagerIntegrationFilter@47be41c6, org.springframework.security.web.context.SecurityContextPersistenceFilter@76b5a559, org.springframework.security.web.header.HeaderWriterFilter@5f5c187d, org.springframework.security.web.csrf.CsrfFilter@5fde1d64, org.springframework.security.web.authentication.logout.LogoutFilter@52d9d817, org.springframework.security.web.authentication.UsernamePasswordAuthenticationFilter@63dc3420, org.springframework.security.web.authentication.www.BasicAuthenticationFilter@1aed6f0b, org.springframework.security.web.savedrequest.RequestCacheAwareFilter@3ce7394f, org.springframework.security.web.servletapi.SecurityContextHolderAwareRequestFilter@261275ae, org.springframework.security.web.authentication.AnonymousAuthenticationFilter@608b35fa, org.springframework.security.web.session.SessionManagementFilter@37d6dddc, org.springframework.security.web.access.ExceptionTranslationFilter@74ebd159, org.springframework.security.web.access.intercept.FilterSecurityInterceptor@1e477944]
2021-11-14 23:37:08.530 DEBUG nspanos - [           main] [.m.m.a.RequestMappingHandlerAdapter] : ControllerAdvice beans: 0 @ModelAttribute, 0 @InitBinder, 1 RequestBodyAdvice, 1 ResponseBodyAdvice
2021-11-14 23:37:08.644 DEBUG nspanos - [           main] [.m.m.a.RequestMappingHandlerMapping] : 11 mappings in 'requestMappingHandlerMapping'
2021-11-14 23:37:08.722 DEBUG nspanos - [           main] [o.s.w.s.h.SimpleUrlHandlerMapping  ] : Patterns [/webjars/**, /**] in 'resourceHandlerMapping'
2021-11-14 23:37:08.743 DEBUG nspanos - [           main] [a.ExceptionHandlerExceptionResolver] : ControllerAdvice beans: 1 @ExceptionHandler, 1 ResponseBodyAdvice
2021-11-14 23:37:08.899  INFO nspanos - [         task-1] [o.h.e.t.j.p.i.JtaPlatformInitiator ] : HHH000490: Using JtaPlatform implementation: [org.hibernate.engine.transaction.jta.platform.internal.NoJtaPlatform]
2021-11-14 23:37:08.914  INFO nspanos - [         task-1] [alContainerEntityManagerFactoryBean] : Initialized JPA EntityManagerFactory for persistence unit 'default'
2021-11-14 23:37:09.341  INFO nspanos - [           main] [.t.m.w.SpringBootMockServletContext] : Initializing Spring TestDispatcherServlet ''
2021-11-14 23:37:09.341  INFO nspanos - [           main] [o.s.t.w.s.TestDispatcherServlet    ] : Initializing Servlet ''
2021-11-14 23:37:09.359  INFO nspanos - [           main] [o.s.b.a.e.w.EndpointLinksResolver  ] : Exposing 2 endpoint(s) beneath base path '/actuator'
2021-11-14 23:37:09.402  INFO nspanos - [           main] [o.s.t.w.s.TestDispatcherServlet    ] : Completed initialization in 61 ms
2021-11-14 23:37:09.450  INFO nspanos - [           main] [redRepositoryInitializationListener] : Triggering deferred initialization of Spring Data repositories…
2021-11-14 23:37:10.054  INFO nspanos - [           main] [redRepositoryInitializationListener] : Spring Data repositories initialized!
2021-11-14 23:37:10.070  INFO nspanos - [           main] [g.c.t.s.ItemServiceTest            ] : Started ItemServiceTest in 5.819 seconds (JVM running for 8.159)
2021-11-14 23:37:10.080  INFO nspanos - [           main] [g.c.t.s.InitiationService          ] : Checking if database has been initialiased already
2021-11-14 23:37:10.147  INFO nspanos - [           main] [g.c.t.s.InitiationService          ] : Database is empty, initiating setup.
2021-11-14 23:37:10.249  INFO nspanos - [           main] [g.c.t.s.InitiationService          ] : Database successfully initialised.
2021-11-14 23:37:10.250  INFO nspanos - [           main] [g.c.t.b.GenerateContentRunner      ] : Initiated database with credentials etc.
2021-11-14 23:37:10.567 DEBUG nspanos - [           main] [.RequestResponseBodyMethodProcessor] : Read "application/json;charset=UTF-8" to []
2021-11-14 23:37:10.591 DEBUG nspanos - [           main] [w.s.m.m.a.HttpEntityMethodProcessor] : Using 'application/vnd.spring-boot.actuator.v3+json', given [*/*] and supported [application/vnd.spring-boot.actuator.v3+json, application/vnd.spring-boot.actuator.v2+json, application/json]
2021-11-14 23:37:10.647 DEBUG nspanos - [           main] [w.s.m.m.a.HttpEntityMethodProcessor] : Writing [org.springframework.boot.actuate.health.SystemHealth@9fd3b61]
2021-11-14 23:37:10.698  INFO nspanos - [           main] [g.c.t.s.ItemService                ] : Attempting to add item.
2021-11-14 23:37:10.750 DEBUG nspanos - [extShutdownHook] [.w.c.s.GenericWebApplicationContext] : Closing org.springframework.web.context.support.GenericWebApplicationContext@5b3f3ba0, started on Sun Nov 14 23:37:04 EET 2021
2021-11-14 23:37:10.762  INFO nspanos - [extShutdownHook] [alContainerEntityManagerFactoryBean] : Closing JPA EntityManagerFactory for persistence unit 'default'
2021-11-14 23:37:10.762  INFO nspanos - [extShutdownHook] [maDropperImpl$DelayedDropActionImpl] : HHH000477: Starting delayed evictData of schema as part of SessionFactory shut-down'
2021-11-14 23:37:10.764  WARN nspanos - [extShutdownHook] [o.h.e.j.s.SqlExceptionHelper       ] : SQL Error: 90121, SQLState: 90121
2021-11-14 23:37:10.765 ERROR nspanos - [extShutdownHook] [o.h.e.j.s.SqlExceptionHelper       ] : Database is already closed (to disable automatic closing at VM shutdown, add ";DB_CLOSE_ON_EXIT=FALSE" to the db URL) [90121-200]
2021-11-14 23:37:10.766  WARN nspanos - [extShutdownHook] [o.h.e.j.s.SqlExceptionHelper       ] : SQL Error: 90121, SQLState: 90121
2021-11-14 23:37:10.766 ERROR nspanos - [extShutdownHook] [o.h.e.j.s.SqlExceptionHelper       ] : Database is already closed (to disable automatic closing at VM shutdown, add ";DB_CLOSE_ON_EXIT=FALSE" to the db URL) [90121-200]
2021-11-14 23:37:10.767  WARN nspanos - [extShutdownHook] [o.s.b.f.s.DisposableBeanAdapter    ] : Invocation of destroy method failed on bean with name 'entityManagerFactory': org.hibernate.exception.JDBCConnectionException: Unable to release JDBC Connection used for DDL execution
2021-11-14 23:37:10.767  INFO nspanos - [extShutdownHook] [o.s.s.c.ThreadPoolTaskExecutor     ] : Shutting down ExecutorService 'applicationTaskExecutor'
2021-11-14 23:37:10.769  INFO nspanos - [extShutdownHook] [c.z.h.HikariDataSource             ] : HikariPool-1 - Shutdown initiated...
2021-11-14 23:37:10.778  INFO nspanos - [extShutdownHook] [c.z.h.HikariDataSource             ] : HikariPool-1 - Shutdown completed.
